mode: set
github.com/RistoFlink/bookings/cmd/web/main.go:24.13,26.16 2 0
github.com/RistoFlink/bookings/cmd/web/main.go:26.16,28.3 1 0
github.com/RistoFlink/bookings/cmd/web/main.go:30.2,38.16 4 0
github.com/RistoFlink/bookings/cmd/web/main.go:41.18,57.16 10 1
github.com/RistoFlink/bookings/cmd/web/main.go:57.16,60.3 2 0
github.com/RistoFlink/bookings/cmd/web/main.go:62.2,70.12 6 1
github.com/RistoFlink/bookings/cmd/web/middleware.go:11.53,12.71 1 0
github.com/RistoFlink/bookings/cmd/web/middleware.go:12.71,15.3 2 0
github.com/RistoFlink/bookings/cmd/web/middleware.go:21.45,32.2 3 1
github.com/RistoFlink/bookings/cmd/web/middleware.go:35.50,37.2 1 1
github.com/RistoFlink/bookings/cmd/web/routes.go:12.49,45.2 18 1
