mode: set
github.com/RistoFlink/bookings/internal/render/render.go:22.40,24.2 1 1
github.com/RistoFlink/bookings/internal/render/render.go:27.84,33.2 5 1
github.com/RistoFlink/bookings/internal/render/render.go:36.105,41.18 2 1
github.com/RistoFlink/bookings/internal/render/render.go:41.18,43.3 1 0
github.com/RistoFlink/bookings/internal/render/render.go:43.8,45.3 1 1
github.com/RistoFlink/bookings/internal/render/render.go:48.2,49.9 2 1
github.com/RistoFlink/bookings/internal/render/render.go:49.9,52.3 1 1
github.com/RistoFlink/bookings/internal/render/render.go:54.2,59.16 4 1
github.com/RistoFlink/bookings/internal/render/render.go:59.16,61.3 1 0
github.com/RistoFlink/bookings/internal/render/render.go:64.2,65.16 2 1
github.com/RistoFlink/bookings/internal/render/render.go:65.16,68.3 2 0
github.com/RistoFlink/bookings/internal/render/render.go:70.2,70.12 1 1
github.com/RistoFlink/bookings/internal/render/render.go:73.67,78.16 3 1
github.com/RistoFlink/bookings/internal/render/render.go:78.16,80.3 1 0
github.com/RistoFlink/bookings/internal/render/render.go:83.2,83.29 1 1
github.com/RistoFlink/bookings/internal/render/render.go:83.29,86.17 3 1
github.com/RistoFlink/bookings/internal/render/render.go:86.17,88.4 1 0
github.com/RistoFlink/bookings/internal/render/render.go:90.3,91.17 2 1
github.com/RistoFlink/bookings/internal/render/render.go:91.17,93.4 1 0
github.com/RistoFlink/bookings/internal/render/render.go:95.3,95.23 1 1
github.com/RistoFlink/bookings/internal/render/render.go:95.23,97.18 2 1
github.com/RistoFlink/bookings/internal/render/render.go:97.18,99.5 1 0
github.com/RistoFlink/bookings/internal/render/render.go:102.3,102.21 1 1
github.com/RistoFlink/bookings/internal/render/render.go:104.2,104.21 1 1
