mode: set
github.com/RistoFlink/bookings/internal/forms/errors.go:6.44,8.2 1 1
github.com/RistoFlink/bookings/internal/forms/errors.go:11.42,14.18 2 1
github.com/RistoFlink/bookings/internal/forms/errors.go:14.18,16.3 1 1
github.com/RistoFlink/bookings/internal/forms/errors.go:18.2,18.14 1 1
github.com/RistoFlink/bookings/internal/forms/forms.go:18.29,20.2 1 1
github.com/RistoFlink/bookings/internal/forms/forms.go:23.33,28.2 1 1
github.com/RistoFlink/bookings/internal/forms/forms.go:31.43,32.31 1 1
github.com/RistoFlink/bookings/internal/forms/forms.go:32.31,34.37 2 1
github.com/RistoFlink/bookings/internal/forms/forms.go:34.37,36.4 1 1
github.com/RistoFlink/bookings/internal/forms/forms.go:41.39,44.13 2 1
github.com/RistoFlink/bookings/internal/forms/forms.go:44.13,47.3 2 1
github.com/RistoFlink/bookings/internal/forms/forms.go:49.2,49.13 1 1
github.com/RistoFlink/bookings/internal/forms/forms.go:53.57,56.21 2 1
github.com/RistoFlink/bookings/internal/forms/forms.go:56.21,59.3 2 1
github.com/RistoFlink/bookings/internal/forms/forms.go:60.2,60.13 1 1
github.com/RistoFlink/bookings/internal/forms/forms.go:64.38,65.40 1 1
github.com/RistoFlink/bookings/internal/forms/forms.go:65.40,67.3 1 1
