mode: set
github.com/RistoFlink/bookings/internal/handlers/handlers.go:24.47,28.2 1 1
github.com/RistoFlink/bookings/internal/handlers/handlers.go:31.33,33.2 1 1
github.com/RistoFlink/bookings/internal/handlers/handlers.go:39.67,44.2 3 1
github.com/RistoFlink/bookings/internal/handlers/handlers.go:47.68,58.2 5 1
github.com/RistoFlink/bookings/internal/handlers/handlers.go:61.74,70.2 4 1
github.com/RistoFlink/bookings/internal/handlers/handlers.go:73.78,75.16 2 1
github.com/RistoFlink/bookings/internal/handlers/handlers.go:75.16,78.3 2 0
github.com/RistoFlink/bookings/internal/handlers/handlers.go:80.2,93.19 6 1
github.com/RistoFlink/bookings/internal/handlers/handlers.go:93.19,102.3 4 0
github.com/RistoFlink/bookings/internal/handlers/handlers.go:104.2,107.66 2 1
github.com/RistoFlink/bookings/internal/handlers/handlers.go:111.71,113.2 1 1
github.com/RistoFlink/bookings/internal/handlers/handlers.go:116.69,118.2 1 1
github.com/RistoFlink/bookings/internal/handlers/handlers.go:121.75,123.2 1 1
github.com/RistoFlink/bookings/internal/handlers/handlers.go:126.79,131.2 3 1
github.com/RistoFlink/bookings/internal/handlers/handlers.go:140.79,147.16 3 1
github.com/RistoFlink/bookings/internal/handlers/handlers.go:147.16,149.3 1 0
github.com/RistoFlink/bookings/internal/handlers/handlers.go:151.2,152.14 2 1
github.com/RistoFlink/bookings/internal/handlers/handlers.go:156.70,158.2 1 1
github.com/RistoFlink/bookings/internal/handlers/handlers.go:160.81,162.9 2 1
github.com/RistoFlink/bookings/internal/handlers/handlers.go:162.9,167.3 4 1
github.com/RistoFlink/bookings/internal/handlers/handlers.go:169.2,176.4 4 0
