mode: set
github.com/RistoFlink/bookings/internal/handlers/handlers.go:24.47,28.2 1 1
github.com/RistoFlink/bookings/internal/handlers/handlers.go:31.33,33.2 1 1
github.com/RistoFlink/bookings/internal/handlers/handlers.go:39.67,42.2 1 1
github.com/RistoFlink/bookings/internal/handlers/handlers.go:45.68,48.2 1 1
github.com/RistoFlink/bookings/internal/handlers/handlers.go:51.74,60.2 4 1
github.com/RistoFlink/bookings/internal/handlers/handlers.go:63.78,65.16 2 1
github.com/RistoFlink/bookings/internal/handlers/handlers.go:65.16,68.3 2 0
github.com/RistoFlink/bookings/internal/handlers/handlers.go:70.2,83.19 6 1
github.com/RistoFlink/bookings/internal/handlers/handlers.go:83.19,92.3 4 0
github.com/RistoFlink/bookings/internal/handlers/handlers.go:94.2,97.66 2 1
github.com/RistoFlink/bookings/internal/handlers/handlers.go:101.71,103.2 1 1
github.com/RistoFlink/bookings/internal/handlers/handlers.go:106.69,108.2 1 1
github.com/RistoFlink/bookings/internal/handlers/handlers.go:111.75,113.2 1 1
github.com/RistoFlink/bookings/internal/handlers/handlers.go:116.79,121.2 3 1
github.com/RistoFlink/bookings/internal/handlers/handlers.go:130.79,137.16 3 1
github.com/RistoFlink/bookings/internal/handlers/handlers.go:137.16,140.3 2 0
github.com/RistoFlink/bookings/internal/handlers/handlers.go:142.2,143.14 2 1
github.com/RistoFlink/bookings/internal/handlers/handlers.go:147.70,149.2 1 1
github.com/RistoFlink/bookings/internal/handlers/handlers.go:151.81,153.9 2 1
github.com/RistoFlink/bookings/internal/handlers/handlers.go:153.9,158.3 4 1
github.com/RistoFlink/bookings/internal/handlers/handlers.go:160.2,167.4 4 0
